<?xml version="1.0" encoding="UTF-8"?>
<testng-results ignored="0" total="1" passed="1" failed="0" skipped="0">
  <reporter-output>
  </reporter-output>
  <suite started-at="2023-01-18T20:24:46 EST" name="Default Suite" finished-at="2023-01-18T20:24:58 EST" duration-ms="12164">
    <groups>
    </groups>
    <test started-at="2023-01-18T20:24:46 EST" name="AmazonAutomation" finished-at="2023-01-18T20:24:58 EST" duration-ms="12164">
      <class name="PagePackage.ProductPageTest">
        <test-method is-config="true" signature="setup()[pri:0, instance:PagePackage.ProductPageTest@71a794e5]" started-at="2023-01-18T20:24:46 EST" name="setup" finished-at="2023-01-18T20:24:58 EST" duration-ms="11972" status="PASS">
          <reporter-output>
          </reporter-output>
        </test-method> <!-- setup -->
        <test-method signature="cart()[pri:0, instance:PagePackage.ProductPageTest@71a794e5]" started-at="2023-01-18T20:24:58 EST" name="cart" finished-at="2023-01-18T20:24:58 EST" duration-ms="151" status="PASS">
          <reporter-output>
          </reporter-output>
        </test-method> <!-- cart -->
        <test-method is-config="true" signature="teardown()[pri:0, instance:PagePackage.ProductPageTest@71a794e5]" started-at="2023-01-18T20:24:58 EST" name="teardown" finished-at="2023-01-18T20:24:58 EST" duration-ms="1" status="PASS">
          <reporter-output>
          </reporter-output>
        </test-method> <!-- teardown -->
      </class> <!-- PagePackage.ProductPageTest -->
    </test> <!-- AmazonAutomation -->
  </suite> <!-- Default Suite -->
</testng-results>
